<?xml version="1.0" encoding="UTF-8"?>
<testng-results ignored="0" total="1" passed="1" failed="0" skipped="0">
  <reporter-output>
  </reporter-output>
  <suite started-at="2022-11-11T04:33:12 IST" name="Default suite" finished-at="2022-11-11T04:38:20 IST" duration-ms="308041">
    <groups>
    </groups>
    <test started-at="2022-11-11T04:33:12 IST" name="Default test" finished-at="2022-11-11T04:38:20 IST" duration-ms="308041">
      <class name="Xendit.Automation">
        <test-method is-config="true" signature="setUp()[pri:0, instance:Xendit.Automation@32ee6fee]" started-at="2022-11-11T04:33:12 IST" name="setUp" finished-at="2022-11-11T04:33:15 IST" duration-ms="2493" status="PASS">
          <reporter-output>
          </reporter-output>
        </test-method> <!-- setUp -->
        <test-method signature="main()[pri:0, instance:Xendit.Automation@32ee6fee]" started-at="2022-11-11T04:33:15 IST" name="main" finished-at="2022-11-11T04:35:25 IST" duration-ms="130460" status="PASS">
          <reporter-output>
          </reporter-output>
        </test-method> <!-- main -->
        <test-method is-config="true" signature="close()[pri:0, instance:Xendit.Automation@32ee6fee]" started-at="2022-11-11T04:35:25 IST" name="close" finished-at="2022-11-11T04:38:20 IST" duration-ms="174988" status="PASS">
          <reporter-output>
          </reporter-output>
        </test-method> <!-- close -->
      </class> <!-- Xendit.Automation -->
    </test> <!-- Default test -->
  </suite> <!-- Default suite -->
</testng-results>
